<?xml version="1.0" encoding="UTF-8"?>
<!-- Generated by org.testng.reporters.JUnitReportReporter -->
<testsuite hostname="LT00889" failures="0" tests="2" name="runner.TestRunner" time="204.715" errors="0" timestamp="2 Sep 2021 14:17:49 GMT">
  <testcase classname="runner.TestRunner" name="feature" time="56.397"/>
  <testcase classname="runner.TestRunner" name="feature" time="148.318"/>
</testsuite> <!-- runner.TestRunner -->
