<?xml version="1.0" encoding="UTF-8"?>
<!-- Generated by org.testng.reporters.JUnitReportReporter -->
<testsuite hostname="LT00889" failures="0" tests="3" name="runner.TestRunner" time="22.145" errors="0" timestamp="24 Feb 2020 22:37:06 GMT">
  <testcase classname="runner.TestRunner" name="feature" time="5.508"/>
  <testcase classname="runner.TestRunner" name="feature" time="11.738"/>
  <testcase classname="runner.TestRunner" name="feature" time="4.899"/>
</testsuite> <!-- runner.TestRunner -->
